<?xml version="1.0" encoding="UTF-8"?>
<!-- Generated by org.testng.reporters.JUnitReportReporter -->
<testsuite hostname="LAPTOP-PLNO5R2G" failures="0" tests="4" name="rediff.Rediff_Fullflow_Properties" time="19.070" errors="0" timestamp="2023-03-18T23:27:55 PDT" skipped="0">
  <testcase classname="rediff.Rediff_Fullflow_Properties" name="clickOnSignInLink" time="4.022"/>
  <system-out/>
  <testcase classname="rediff.Rediff_Fullflow_Properties" name="logInCredentials" time="9.943"/>
  <system-out/>
  <testcase classname="rediff.Rediff_Fullflow_Properties" name="logOut" time="4.048"/>
  <system-out/>
  <testcase classname="rediff.Rediff_Fullflow_Properties" name="rediffHome" time="1.057"/>
  <system-out/>
</testsuite> <!-- rediff.Rediff_Fullflow_Properties -->
