<?xml version="1.0" encoding="UTF-8"?>
<!-- Generated by org.testng.reporters.JUnitReportReporter -->
<testsuite hostname="LAPTOP-PLNO5R2G" failures="0" tests="5" name="facebook.Facebook_Create_An_Account" time="2.881" errors="0" timestamp="2023-03-18T16:23:47 PDT" skipped="0">
  <testcase classname="facebook.Facebook_Create_An_Account" name="clickOnCreateANewAccountButton" time="2.060"/>
  <system-out/>
  <testcase classname="facebook.Facebook_Create_An_Account" name="logInCredentials" time="0.483"/>
  <system-out/>
  <testcase classname="facebook.Facebook_Create_An_Account" name="birthDayCredentials" time="0.217"/>
  <system-out/>
  <testcase classname="facebook.Facebook_Create_An_Account" name="genderSelect" time="0.067"/>
  <system-out/>
  <testcase classname="facebook.Facebook_Create_An_Account" name="signUpButton" time="0.054"/>
  <system-out/>
</testsuite> <!-- facebook.Facebook_Create_An_Account -->
