<?xml version="1.0" encoding="UTF-8"?>
<!-- Generated by org.testng.reporters.JUnitReportReporter -->
<testsuite hostname="LAPTOP-PLNO5R2G" failures="0" tests="1" name="facebook.Facebook_PlayAround_Properties" time="0.173" errors="0" timestamp="2023-03-18T21:18:59 PDT" skipped="0">
  <testcase classname="facebook.Facebook_PlayAround_Properties" name="logIn" time="0.173"/>
  <system-out/>
</testsuite> <!-- facebook.Facebook_PlayAround_Properties -->
